20250411-04:25:42.863713000 : Created session
20250411-04:25:42.870373000 : Connecting to fix-md.sandbox.exchange.coinbase.com on port 6121 (Source :0)
20250411-04:25:43.299735000 : Initiated logon request
20250411-04:25:53.052262000 : Timed out waiting for logon response
20250411-04:25:53.052688000 : Disconnecting
20250411-04:25:53.070324000 : Initiated logon request
20250411-04:26:03.659329000 : Connecting to fix-md.sandbox.exchange.coinbase.com on port 6121 (Source :0)
20250411-04:26:03.901953000 : Initiated logon request
20250411-04:31:02.170429000 : Created session
20250411-04:31:02.175382000 : Connecting to fix-ord.sandbox.exchange.coinbase.com on port 6121 (Source :0)
20250411-04:31:02.569230000 : Initiated logon request
20250411-04:31:32.284129000 : Created session
20250411-04:31:32.289036000 : Connecting to fix-ord.sandbox.exchange.coinbase.com on port 6121 (Source :0)
20250411-04:31:32.545911000 : Initiated logon request
20250411-04:31:42.317305000 : Timed out waiting for logon response
20250411-04:31:42.317663000 : Disconnecting
20250411-04:31:42.337906000 : Initiated logon request
20250411-04:31:52.957541000 : Connecting to fix-ord.sandbox.exchange.coinbase.com on port 6121 (Source :0)
20250411-04:31:53.220837000 : Initiated logon request
20250411-04:37:00.977873000 : Created session
20250411-04:38:30.444257000 : Created session
20250411-04:38:30.450291000 : Connecting to fix-ord.sandbox.exchange.coinbase.com on port 6121 (Source :0)
20250411-04:38:30.848669000 : Initiated logon request
20250411-04:38:36.884139000 : Created session
20250411-04:39:25.447242000 : Created session
20250411-04:39:25.453065000 : Connecting to fix-ord.sandbox.exchange.coinbase.com on port 6121 (Source :0)
20250411-04:39:25.707947000 : Initiated logon request
20250411-04:39:35.503864000 : Timed out waiting for logon response
20250411-04:39:35.504434000 : Disconnecting
20250411-04:39:35.520805000 : Initiated logon request
20250411-04:39:45.158813000 : Connecting to fix-ord.sandbox.exchange.coinbase.com on port 6121 (Source :0)
20250411-04:39:45.431709000 : Initiated logon request
20250411-04:39:55.710242000 : Timed out waiting for logon response
20250411-04:39:55.710556000 : Disconnecting
20250411-04:39:55.723107000 : Initiated logon request
20250411-04:42:57.580518000 : Created session
20250411-04:42:57.590588000 : Connecting to fix-ord.sandbox.exchange.coinbase.com on port 6121 (Source :0)
20250411-04:42:57.939412000 : Initiated logon request
20250411-04:43:07.712875000 : Timed out waiting for logon response
20250411-04:43:07.713175000 : Disconnecting
20250411-04:43:07.729678000 : Initiated logon request
20250411-04:43:17.389962000 : Connecting to fix-ord.sandbox.exchange.coinbase.com on port 6121 (Source :0)
20250411-04:43:17.642718000 : Initiated logon request
20250411-04:43:27.161354000 : Timed out waiting for logon response
20250411-04:43:27.161631000 : Disconnecting
20250411-04:43:27.187135000 : Initiated logon request
20250411-04:43:37.498208000 : Connecting to fix-ord.sandbox.exchange.coinbase.com on port 6121 (Source :0)
20250411-04:43:37.773875000 : Initiated logon request
20250411-04:43:47.875450000 : Timed out waiting for logon response
20250411-04:43:47.876034000 : Disconnecting
20250411-04:43:47.928368000 : Initiated logon request
20250411-04:43:57.659989000 : Connecting to fix-ord.sandbox.exchange.coinbase.com on port 6121 (Source :0)
20250411-04:43:57.949107000 : Initiated logon request
20250411-04:44:07.394443000 : Timed out waiting for logon response
20250411-04:44:07.395102000 : Disconnecting
20250411-04:44:07.413991000 : Initiated logon request
20250411-04:44:17.493829000 : Connecting to fix-ord.sandbox.exchange.coinbase.com on port 6121 (Source :0)
20250411-04:44:17.763365000 : Initiated logon request
20250411-04:44:27.742952000 : Timed out waiting for logon response
20250411-04:44:27.743565000 : Disconnecting
20250411-04:44:27.761420000 : Initiated logon request
20250411-04:49:44.495079000 : Created session
20250411-04:49:44.508703000 : Connecting to fix-ord.sandbox.exchange.coinbase.com on port 6121 (Source :0)
20250411-04:49:44.898815000 : Initiated logon request
20250411-04:49:54.712992000 : Timed out waiting for logon response
20250411-04:49:54.714259000 : Disconnecting
20250411-04:49:54.727977000 : Initiated logon request
20250411-04:50:04.433240000 : Connecting to fix-ord.sandbox.exchange.coinbase.com on port 6121 (Source :0)
20250411-04:50:04.746053000 : Initiated logon request
20250411-05:18:45.070489000 : Created session
20250411-05:18:45.078078000 : Connecting to fix-ord.sandbox.exchange.coinbase.com on port 6121 (Source :0)
20250411-05:18:45.422950000 : Initiated logon request
20250411-05:18:55.184660000 : Timed out waiting for logon response
20250411-05:18:55.186035000 : Disconnecting
20250411-05:18:55.215639000 : Initiated logon request
20250411-05:19:05.753980000 : Connecting to fix-ord.sandbox.exchange.coinbase.com on port 6121 (Source :0)
20250411-05:19:06.098830000 : Initiated logon request
20250411-05:19:16.449040000 : Timed out waiting for logon response
20250411-05:19:16.450140000 : Disconnecting
20250411-05:19:16.472270000 : Initiated logon request
20250411-05:19:25.702306000 : Connecting to fix-ord.sandbox.exchange.coinbase.com on port 6121 (Source :0)
20250411-05:19:25.989218000 : Initiated logon request
20250411-06:19:03.066001000 : Created session
20250411-06:19:03.096610000 : Connecting to fix-ord.sandbox.exchange.coinbase.com on port 6121 (Source :0)
20250411-06:19:04.040915000 : Initiated logon request
20250411-06:19:04.296011000 : Logon contains ResetSeqNumFlag=Y, reseting sequence numbers to 1
20250411-06:19:04.296447000 : Received logon response
20250411-06:19:10.801518000 : Initiated logout request
20250411-06:19:11.035051000 : Received logout response
20250411-06:19:11.035603000 : Disconnecting
20250411-06:19:29.808184000 : Created session
20250411-06:19:29.828103000 : Connecting to fix-ord.sandbox.exchange.coinbase.com on port 6121 (Source :0)
20250411-06:19:30.593371000 : Initiated logon request
20250411-06:19:30.851418000 : Logon contains ResetSeqNumFlag=Y, reseting sequence numbers to 1
20250411-06:19:30.851838000 : Received logon response
20250411-06:19:32.530646000 : Initiated logout request
20250411-06:19:32.768826000 : Received logout response
20250411-06:19:32.805676000 : Disconnecting
20250411-07:31:29.070980000 : Created session
20250411-07:31:29.098512000 : Connecting to fix-ord.sandbox.exchange.coinbase.com on port 6121 (Source :0)
20250411-07:31:29.995893000 : Initiated logon request
20250411-07:31:30.247739000 : Logon contains ResetSeqNumFlag=Y, reseting sequence numbers to 1
20250411-07:31:30.248212000 : Received logon response
20250411-07:31:48.874592000 : Initiated logout request
20250411-07:31:49.191781000 : Received logout response
20250411-07:31:49.192108000 : Disconnecting
20250411-07:35:43.397061000 : Created session
20250411-07:35:43.428926000 : Connecting to fix-ord.sandbox.exchange.coinbase.com on port 6121 (Source :0)
20250411-07:35:44.368962000 : Initiated logon request
20250411-07:35:44.645012000 : Logon contains ResetSeqNumFlag=Y, reseting sequence numbers to 1
20250411-07:35:44.645570000 : Received logon response
20250411-07:39:48.983361000 : Created session
20250411-07:39:49.005710000 : Connecting to fix-ord.sandbox.exchange.coinbase.com on port 6121 (Source :0)
20250411-07:39:49.785307000 : Initiated logon request
20250411-07:39:50.037671000 : Logon contains ResetSeqNumFlag=Y, reseting sequence numbers to 1
20250411-07:39:50.038076000 : Received logon response
20250411-07:39:55.324736000 : Initiated logout request
20250411-07:39:55.551671000 : Received logout response
20250411-07:39:55.551887000 : Disconnecting
20250411-07:41:19.060884000 : Created session
20250411-07:41:19.082770000 : Connecting to fix-ord.sandbox.exchange.coinbase.com on port 6121 (Source :0)
20250411-07:41:19.836151000 : Initiated logon request
20250411-07:41:20.091461000 : Logon contains ResetSeqNumFlag=Y, reseting sequence numbers to 1
20250411-07:41:20.091861000 : Received logon response
20250411-07:42:58.517057000 : Initiated logout request
20250411-07:42:58.743532000 : Received logout response
20250411-07:42:58.744067000 : Disconnecting
20250411-08:05:09.131502000 : Created session
20250411-08:05:09.163545000 : Connecting to fix-ord.sandbox.exchange.coinbase.com on port 6121 (Source :0)
20250411-08:05:09.997968000 : Initiated logon request
20250411-08:05:10.257956000 : Logon contains ResetSeqNumFlag=Y, reseting sequence numbers to 1
20250411-08:05:10.258695000 : Received logon response
20250411-08:05:12.544206000 : Initiated logout request
20250411-08:05:12.777819000 : Received logout response
20250411-08:05:12.778404000 : Disconnecting
20250411-08:05:18.131063000 : Created session
20250411-08:05:18.152927000 : Connecting to fix-ord.sandbox.exchange.coinbase.com on port 6121 (Source :0)
20250411-08:05:18.947458000 : Initiated logon request
20250411-08:05:19.205039000 : Logon contains ResetSeqNumFlag=Y, reseting sequence numbers to 1
20250411-08:05:19.205608000 : Received logon response
20250411-08:05:33.702853000 : Initiated logout request
20250411-08:05:33.935669000 : Received logout response
20250411-08:05:33.936126000 : Disconnecting
20250411-08:06:48.967320000 : Created session
20250411-08:06:49.000170000 : Connecting to fix-ord.sandbox.exchange.coinbase.com on port 6121 (Source :0)
20250411-08:06:49.843513000 : Initiated logon request
20250411-08:07:07.484860000 : Created session
20250411-08:07:07.506650000 : Connecting to fix-ord.sandbox.exchange.coinbase.com on port 6121 (Source :0)
20250411-08:07:08.233604000 : Initiated logon request
20250411-08:07:08.486573000 : Logon contains ResetSeqNumFlag=Y, reseting sequence numbers to 1
20250411-08:07:08.486990000 : Received logon response
20250411-08:07:50.744956000 : Initiated logout request
20250411-08:07:50.979646000 : Received logout response
20250411-08:07:50.980036000 : Disconnecting
20250412-06:01:58.198687000 : Created session
20250412-06:01:58.251035000 : Connecting to fix-ord.sandbox.exchange.coinbase.com on port 6121 (Source :0)
20250412-06:01:59.308886000 : Initiated logon request
20250412-06:01:59.641969000 : Logon contains ResetSeqNumFlag=Y, reseting sequence numbers to 1
20250412-06:01:59.642390000 : Received logon response
20250412-06:06:59.741382000 : Initiated logout request
20250412-06:06:59.998587000 : Received logout response
20250412-06:06:59.998862000 : Disconnecting
20250412-06:07:13.712871000 : Created session
20250412-06:07:13.754795000 : Connecting to fix-ord.sandbox.exchange.coinbase.com on port 6121 (Source :0)
20250412-06:07:14.635723000 : Initiated logon request
20250412-06:07:14.902266000 : Logon contains ResetSeqNumFlag=Y, reseting sequence numbers to 1
20250412-06:07:14.902694000 : Received logon response
20250412-06:16:23.448616000 : Initiated logout request
